  [1m[35m (0.1ms)[0m  [1m[34mSELECT sqlite_version(*)[0m
  ↳ bin/rails:9
  [1m[35m (1.4ms)[0m  [1m[35mCREATE TABLE "schema_migrations" ("version" varchar NOT NULL PRIMARY KEY)[0m
  ↳ bin/rails:9
  [1m[35m (1.2ms)[0m  [1m[35mCREATE TABLE "ar_internal_metadata" ("key" varchar NOT NULL PRIMARY KEY, "value" varchar, "created_at" datetime NOT NULL, "updated_at" datetime NOT NULL)[0m
  ↳ bin/rails:9
  [1m[35m (0.1ms)[0m  [1m[34mSELECT "schema_migrations"."version" FROM "schema_migrations" ORDER BY "schema_migrations"."version" ASC[0m
  ↳ bin/rails:9
Migrating to CreateSchedules (20190419173000)
  [1m[35m (0.1ms)[0m  [1m[36mbegin transaction[0m
  ↳ bin/rails:9
  [1m[35m (0.4ms)[0m  [1m[35mCREATE TABLE "schedules" ("id" integer PRIMARY KEY AUTOINCREMENT NOT NULL, "name" varchar, "created_at" datetime NOT NULL, "updated_at" datetime NOT NULL)[0m
  ↳ db/migrate/20190419173000_create_schedules.rb:3
  [1m[36mActiveRecord::SchemaMigration Create (0.2ms)[0m  [1m[32mINSERT INTO "schema_migrations" ("version") VALUES (?)[0m  [["version", "20190419173000"]]
  ↳ bin/rails:9
  [1m[35m (0.8ms)[0m  [1m[36mcommit transaction[0m
  ↳ bin/rails:9
Migrating to CreateAppointments (20190419173553)
  [1m[35m (0.0ms)[0m  [1m[36mbegin transaction[0m
  ↳ bin/rails:9
  [1m[35m (0.3ms)[0m  [1m[35mCREATE TABLE "appointments" ("id" integer PRIMARY KEY AUTOINCREMENT NOT NULL, "schedule_id" integer, "start_time" integer, "end_time" integer, "created_at" datetime NOT NULL, "updated_at" datetime NOT NULL)[0m
  ↳ db/migrate/20190419173553_create_appointments.rb:3
  [1m[36mActiveRecord::SchemaMigration Create (0.1ms)[0m  [1m[32mINSERT INTO "schema_migrations" ("version") VALUES (?)[0m  [["version", "20190419173553"]]
  ↳ bin/rails:9
  [1m[35m (0.7ms)[0m  [1m[36mcommit transaction[0m
  ↳ bin/rails:9
  [1m[36mActiveRecord::InternalMetadata Load (0.1ms)[0m  [1m[34mSELECT  "ar_internal_metadata".* FROM "ar_internal_metadata" WHERE "ar_internal_metadata"."key" = ? LIMIT ?[0m  [["key", "environment"], ["LIMIT", 1]]
  ↳ bin/rails:9
  [1m[35m (0.0ms)[0m  [1m[36mbegin transaction[0m
  ↳ bin/rails:9
  [1m[36mActiveRecord::InternalMetadata Create (0.3ms)[0m  [1m[32mINSERT INTO "ar_internal_metadata" ("key", "value", "created_at", "updated_at") VALUES (?, ?, ?, ?)[0m  [["key", "environment"], ["value", "development"], ["created_at", "2019-04-19 19:38:23.614459"], ["updated_at", "2019-04-19 19:38:23.614459"]]
  ↳ bin/rails:9
  [1m[35m (0.8ms)[0m  [1m[36mcommit transaction[0m
  ↳ bin/rails:9
  [1m[35m (0.1ms)[0m  [1m[34mSELECT "schema_migrations"."version" FROM "schema_migrations" ORDER BY "schema_migrations"."version" ASC[0m
  ↳ bin/rails:9
  [1m[35m (0.1ms)[0m  [1m[34mSELECT "schema_migrations"."version" FROM "schema_migrations" ORDER BY "schema_migrations"."version" ASC[0m
  ↳ /Users/admin/.rvm/gems/ruby-2.6.0-preview2/bin/rake:23
  [1m[35m (0.0ms)[0m  [1m[36mbegin transaction[0m
  ↳ db/seeds.rb:11
  [1m[36mSchedule Create (0.5ms)[0m  [1m[32mINSERT INTO "schedules" ("name", "created_at", "updated_at") VALUES (?, ?, ?)[0m  [["name", "First"], ["created_at", "2019-04-19 19:38:37.077222"], ["updated_at", "2019-04-19 19:38:37.077222"]]
  ↳ db/seeds.rb:11
  [1m[35m (1.1ms)[0m  [1m[36mcommit transaction[0m
  ↳ db/seeds.rb:11
  [1m[35m (0.2ms)[0m  [1m[36mbegin transaction[0m
  ↳ db/seeds.rb:12
  [1m[36mSchedule Create (0.4ms)[0m  [1m[32mINSERT INTO "schedules" ("name", "created_at", "updated_at") VALUES (?, ?, ?)[0m  [["name", "Second"], ["created_at", "2019-04-19 19:38:37.082192"], ["updated_at", "2019-04-19 19:38:37.082192"]]
  ↳ db/seeds.rb:12
  [1m[35m (1.1ms)[0m  [1m[36mcommit transaction[0m
  ↳ db/seeds.rb:12
  [1m[35m (0.0ms)[0m  [1m[36mbegin transaction[0m
  ↳ db/seeds.rb:14
  [1m[35m (0.1ms)[0m  [1m[31mrollback transaction[0m
  ↳ db/seeds.rb:14
  [1m[35m (0.0ms)[0m  [1m[36mbegin transaction[0m
  ↳ db/seeds.rb:15
  [1m[35m (0.1ms)[0m  [1m[31mrollback transaction[0m
  ↳ db/seeds.rb:15
  [1m[35m (0.0ms)[0m  [1m[36mbegin transaction[0m
  ↳ db/seeds.rb:16
  [1m[35m (0.0ms)[0m  [1m[31mrollback transaction[0m
  ↳ db/seeds.rb:16
  [1m[35m (0.2ms)[0m  [1m[34mSELECT "schema_migrations"."version" FROM "schema_migrations" ORDER BY "schema_migrations"."version" ASC[0m
  ↳ /Users/admin/.rvm/gems/ruby-2.6.0-preview2/bin/rake:23
  [1m[35m (0.0ms)[0m  [1m[36mbegin transaction[0m
  ↳ db/seeds.rb:11
  [1m[36mSchedule Create (0.5ms)[0m  [1m[32mINSERT INTO "schedules" ("name", "created_at", "updated_at") VALUES (?, ?, ?)[0m  [["name", "First"], ["created_at", "2019-04-19 19:39:06.823127"], ["updated_at", "2019-04-19 19:39:06.823127"]]
  ↳ db/seeds.rb:11
  [1m[35m (0.9ms)[0m  [1m[36mcommit transaction[0m
  ↳ db/seeds.rb:11
  [1m[35m (0.0ms)[0m  [1m[36mbegin transaction[0m
  ↳ db/seeds.rb:12
  [1m[36mSchedule Create (0.5ms)[0m  [1m[32mINSERT INTO "schedules" ("name", "created_at", "updated_at") VALUES (?, ?, ?)[0m  [["name", "Second"], ["created_at", "2019-04-19 19:39:06.826563"], ["updated_at", "2019-04-19 19:39:06.826563"]]
  ↳ db/seeds.rb:12
  [1m[35m (1.0ms)[0m  [1m[36mcommit transaction[0m
  ↳ db/seeds.rb:12
  [1m[35m (0.0ms)[0m  [1m[36mbegin transaction[0m
  ↳ db/seeds.rb:14
  [1m[36mSchedule Load (0.2ms)[0m  [1m[34mSELECT  "schedules".* FROM "schedules" WHERE "schedules"."id" = ? LIMIT ?[0m  [["id", 1], ["LIMIT", 1]]
  ↳ db/seeds.rb:14
  [1m[36mAppointment Create (0.3ms)[0m  [1m[32mINSERT INTO "appointments" ("schedule_id", "start_time", "end_time", "created_at", "updated_at") VALUES (?, ?, ?, ?, ?)[0m  [["schedule_id", 1], ["start_time", 0], ["end_time", 1], ["created_at", "2019-04-19 19:39:06.849947"], ["updated_at", "2019-04-19 19:39:06.849947"]]
  ↳ db/seeds.rb:14
  [1m[35m (0.7ms)[0m  [1m[36mcommit transaction[0m
  ↳ db/seeds.rb:14
  [1m[35m (0.0ms)[0m  [1m[36mbegin transaction[0m
  ↳ db/seeds.rb:15
  [1m[36mSchedule Load (0.1ms)[0m  [1m[34mSELECT  "schedules".* FROM "schedules" WHERE "schedules"."id" = ? LIMIT ?[0m  [["id", 2], ["LIMIT", 1]]
  ↳ db/seeds.rb:15
  [1m[36mAppointment Create (0.3ms)[0m  [1m[32mINSERT INTO "appointments" ("schedule_id", "start_time", "end_time", "created_at", "updated_at") VALUES (?, ?, ?, ?, ?)[0m  [["schedule_id", 2], ["start_time", 0], ["end_time", 5], ["created_at", "2019-04-19 19:39:06.858108"], ["updated_at", "2019-04-19 19:39:06.858108"]]
  ↳ db/seeds.rb:15
  [1m[35m (0.9ms)[0m  [1m[36mcommit transaction[0m
  ↳ db/seeds.rb:15
  [1m[35m (0.1ms)[0m  [1m[36mbegin transaction[0m
  ↳ db/seeds.rb:16
  [1m[36mSchedule Load (0.1ms)[0m  [1m[34mSELECT  "schedules".* FROM "schedules" WHERE "schedules"."id" = ? LIMIT ?[0m  [["id", 2], ["LIMIT", 1]]
  ↳ db/seeds.rb:16
  [1m[36mAppointment Create (0.2ms)[0m  [1m[32mINSERT INTO "appointments" ("schedule_id", "start_time", "end_time", "created_at", "updated_at") VALUES (?, ?, ?, ?, ?)[0m  [["schedule_id", 2], ["start_time", 1], ["end_time", 3], ["created_at", "2019-04-19 19:39:06.861709"], ["updated_at", "2019-04-19 19:39:06.861709"]]
  ↳ db/seeds.rb:16
  [1m[35m (0.8ms)[0m  [1m[36mcommit transaction[0m
  ↳ db/seeds.rb:16
Started GET "/" for ::1 at 2019-04-19 15:49:15 -0400
  [1m[35m (0.6ms)[0m  [1m[34mSELECT "schema_migrations"."version" FROM "schema_migrations" ORDER BY "schema_migrations"."version" ASC[0m
  ↳ /Users/admin/.rvm/gems/ruby-2.6.0-preview2/gems/activerecord-5.2.3/lib/active_record/log_subscriber.rb:98
Processing by Rails::WelcomeController#index as HTML
  Rendering /Users/admin/.rvm/gems/ruby-2.6.0-preview2/gems/railties-5.2.3/lib/rails/templates/rails/welcome/index.html.erb
  Rendered /Users/admin/.rvm/gems/ruby-2.6.0-preview2/gems/railties-5.2.3/lib/rails/templates/rails/welcome/index.html.erb (5.2ms)
Completed 200 OK in 24ms (Views: 16.3ms | ActiveRecord: 0.0ms)


Started GET "/schedules" for ::1 at 2019-04-19 15:49:19 -0400
Processing by SchedulesController#index as HTML
  [1m[36mSchedule Load (0.9ms)[0m  [1m[34mSELECT "schedules".* FROM "schedules"[0m
  ↳ app/controllers/schedules_controller.rb:5
Completed 200 OK in 25ms (Views: 13.1ms | ActiveRecord: 1.5ms)


  [1m[36mSchedule Destroy (2.0ms)[0m  [1m[31mDELETE FROM "schedules" WHERE "schedules"."id" = ?[0m  [["id", 3]]
  [1m[36mSchedule Destroy (2.4ms)[0m  [1m[31mDELETE FROM "schedules" WHERE "schedules"."id" = ?[0m  [["id", 4]]
Started GET "/schedules" for ::1 at 2019-04-19 15:50:37 -0400
Processing by SchedulesController#index as HTML
  [1m[36mSchedule Load (0.3ms)[0m  [1m[34mSELECT "schedules".* FROM "schedules"[0m
  ↳ app/controllers/schedules_controller.rb:5
Completed 200 OK in 3ms (Views: 2.1ms | ActiveRecord: 0.3ms)


  [1m[35m (0.1ms)[0m  [1m[36mbegin transaction[0m
  [1m[36mSchedule Create (0.5ms)[0m  [1m[32mINSERT INTO "schedules" ("name", "created_at", "updated_at") VALUES (?, ?, ?)[0m  [["name", "Felix schedules"], ["created_at", "2019-04-19 19:51:02.290332"], ["updated_at", "2019-04-19 19:51:02.290332"]]
  [1m[35m (1.0ms)[0m  [1m[36mcommit transaction[0m
Started GET "/schedules" for ::1 at 2019-04-19 15:51:04 -0400
Processing by SchedulesController#index as HTML
  [1m[36mSchedule Load (0.2ms)[0m  [1m[34mSELECT "schedules".* FROM "schedules"[0m
  ↳ app/controllers/schedules_controller.rb:5
Completed 200 OK in 3ms (Views: 2.9ms | ActiveRecord: 0.2ms)


Started GET "/schedules" for ::1 at 2019-04-19 15:51:05 -0400
Processing by SchedulesController#index as HTML
  [1m[36mSchedule Load (0.8ms)[0m  [1m[34mSELECT "schedules".* FROM "schedules"[0m
  ↳ app/controllers/schedules_controller.rb:5
Completed 200 OK in 3ms (Views: 1.7ms | ActiveRecord: 0.8ms)


  [1m[35m (0.1ms)[0m  [1m[36mbegin transaction[0m
  [1m[36mSchedule Load (0.3ms)[0m  [1m[34mSELECT  "schedules".* FROM "schedules" WHERE "schedules"."id" = ? LIMIT ?[0m  [["id", 5], ["LIMIT", 1]]
  [1m[36mAppointment Create (0.4ms)[0m  [1m[32mINSERT INTO "appointments" ("schedule_id", "start_time", "end_time", "created_at", "updated_at") VALUES (?, ?, ?, ?, ?)[0m  [["schedule_id", 5], ["start_time", 0], ["end_time", 2], ["created_at", "2019-04-19 19:51:40.553836"], ["updated_at", "2019-04-19 19:51:40.553836"]]
  [1m[35m (1.1ms)[0m  [1m[36mcommit transaction[0m
  [1m[35m (0.1ms)[0m  [1m[36mbegin transaction[0m
  [1m[36mSchedule Load (0.2ms)[0m  [1m[34mSELECT  "schedules".* FROM "schedules" WHERE "schedules"."id" = ? LIMIT ?[0m  [["id", 5], ["LIMIT", 1]]
  [1m[36mAppointment Create (0.3ms)[0m  [1m[32mINSERT INTO "appointments" ("schedule_id", "start_time", "end_time", "created_at", "updated_at") VALUES (?, ?, ?, ?, ?)[0m  [["schedule_id", 5], ["start_time", 0], ["end_time", 5], ["created_at", "2019-04-19 19:51:44.722464"], ["updated_at", "2019-04-19 19:51:44.722464"]]
  [1m[35m (1.2ms)[0m  [1m[36mcommit transaction[0m
  [1m[35m (0.1ms)[0m  [1m[36mbegin transaction[0m
  [1m[36mSchedule Load (0.2ms)[0m  [1m[34mSELECT  "schedules".* FROM "schedules" WHERE "schedules"."id" = ? LIMIT ?[0m  [["id", 5], ["LIMIT", 1]]
  [1m[35m (0.1ms)[0m  [1m[31mrollback transaction[0m
  [1m[35m (0.1ms)[0m  [1m[36mbegin transaction[0m
  [1m[36mSchedule Load (0.2ms)[0m  [1m[34mSELECT  "schedules".* FROM "schedules" WHERE "schedules"."id" = ? LIMIT ?[0m  [["id", 5], ["LIMIT", 1]]
  [1m[35m (0.1ms)[0m  [1m[31mrollback transaction[0m
  [1m[35m (0.1ms)[0m  [1m[36mbegin transaction[0m
  [1m[36mSchedule Load (0.2ms)[0m  [1m[34mSELECT  "schedules".* FROM "schedules" WHERE "schedules"."id" = ? LIMIT ?[0m  [["id", 5], ["LIMIT", 1]]
  [1m[36mAppointment Create (0.5ms)[0m  [1m[32mINSERT INTO "appointments" ("schedule_id", "start_time", "end_time", "created_at", "updated_at") VALUES (?, ?, ?, ?, ?)[0m  [["schedule_id", 5], ["start_time", 1], ["end_time", 100], ["created_at", "2019-04-19 19:52:02.411927"], ["updated_at", "2019-04-19 19:52:02.411927"]]
  [1m[35m (1.4ms)[0m  [1m[36mcommit transaction[0m
Started GET "/schedules/5" for ::1 at 2019-04-19 15:52:09 -0400
Processing by SchedulesController#show as HTML
  Parameters: {"id"=>"5"}
  [1m[36mSchedule Load (0.3ms)[0m  [1m[34mSELECT  "schedules".* FROM "schedules" WHERE "schedules"."id" = ? LIMIT ?[0m  [["id", 5], ["LIMIT", 1]]
  ↳ app/controllers/schedules_controller.rb:9
  [1m[36mAppointment Load (0.2ms)[0m  [1m[34mSELECT "appointments".* FROM "appointments"[0m
  ↳ app/controllers/schedules_controller.rb:10
Completed 200 OK in 22ms (Views: 0.5ms | ActiveRecord: 0.8ms)


  [1m[36mAppointment Load (0.4ms)[0m  [1m[34mSELECT  "appointments".* FROM "appointments" LIMIT ?[0m  [["LIMIT", 11]]
  [1m[36mAppointment Destroy (2.6ms)[0m  [1m[31mDELETE FROM "appointments" WHERE "appointments"."id" = ?[0m  [["id", 5]]
Started GET "/schedules/5" for ::1 at 2019-04-19 15:53:14 -0400
Processing by SchedulesController#show as HTML
  Parameters: {"id"=>"5"}
  [1m[36mSchedule Load (0.2ms)[0m  [1m[34mSELECT  "schedules".* FROM "schedules" WHERE "schedules"."id" = ? LIMIT ?[0m  [["id", 5], ["LIMIT", 1]]
  ↳ app/controllers/schedules_controller.rb:9
  [1m[36mAppointment Load (0.1ms)[0m  [1m[34mSELECT "appointments".* FROM "appointments"[0m
  ↳ app/controllers/schedules_controller.rb:10
Completed 200 OK in 3ms (Views: 0.5ms | ActiveRecord: 0.3ms)


Started GET "/schedules/1" for ::1 at 2019-04-19 16:00:23 -0400
Processing by SchedulesController#show as HTML
  Parameters: {"id"=>"1"}
  [1m[36mSchedule Load (0.1ms)[0m  [1m[34mSELECT  "schedules".* FROM "schedules" WHERE "schedules"."id" = ? LIMIT ?[0m  [["id", 1], ["LIMIT", 1]]
  ↳ app/controllers/schedules_controller.rb:9
  [1m[36mAppointment Load (0.3ms)[0m  [1m[34mSELECT "appointments".* FROM "appointments"[0m
  ↳ app/controllers/schedules_controller.rb:10
Completed 200 OK in 22ms (Views: 0.3ms | ActiveRecord: 1.3ms)


Started GET "/schedules/2" for ::1 at 2019-04-19 16:00:26 -0400
Processing by SchedulesController#show as HTML
  Parameters: {"id"=>"2"}
  [1m[36mSchedule Load (0.1ms)[0m  [1m[34mSELECT  "schedules".* FROM "schedules" WHERE "schedules"."id" = ? LIMIT ?[0m  [["id", 2], ["LIMIT", 1]]
  ↳ app/controllers/schedules_controller.rb:9
  [1m[36mAppointment Load (0.1ms)[0m  [1m[34mSELECT "appointments".* FROM "appointments"[0m
  ↳ app/controllers/schedules_controller.rb:10
Completed 200 OK in 3ms (Views: 1.0ms | ActiveRecord: 0.3ms)


Started GET "/schedules/3" for ::1 at 2019-04-19 16:00:28 -0400
Processing by SchedulesController#show as HTML
  Parameters: {"id"=>"3"}
  [1m[36mSchedule Load (0.2ms)[0m  [1m[34mSELECT  "schedules".* FROM "schedules" WHERE "schedules"."id" = ? LIMIT ?[0m  [["id", 3], ["LIMIT", 1]]
  ↳ app/controllers/schedules_controller.rb:9
Completed 404 Not Found in 2ms (ActiveRecord: 0.2ms)


  
ActiveRecord::RecordNotFound (Couldn't find Schedule with 'id'=3):
  
app/controllers/schedules_controller.rb:9:in `show'
Started GET "/schedules" for ::1 at 2019-04-19 16:00:31 -0400
Processing by SchedulesController#index as HTML
  [1m[36mSchedule Load (0.2ms)[0m  [1m[34mSELECT "schedules".* FROM "schedules"[0m
  ↳ app/controllers/schedules_controller.rb:5
Completed 200 OK in 2ms (Views: 1.3ms | ActiveRecord: 0.2ms)


